make all --print-data-base --no-builtin-variables --no-builtin-rules --question
# GNU Make 4.2.1
# Built for x86_64-pc-linux-gnu
# Copyright (C) 1988-2016 Free Software Foundation, Inc.
# License GPLv3+: GNU GPL version 3 or later <http://gnu.org/licenses/gpl.html>
# This is free software: you are free to change and redistribute it.
# There is NO WARRANTY, to the extent permitted by law.

# Make data base, printed on Wed Jun  1 13:20:00 2022

# Variables

# automatic
<D = $(patsubst %/,%,$(dir $<))
# automatic
?F = $(notdir $?)
# makefile (from 'makefile', line 11)
VALGRIND_FLAGS = -v --leak-check=full --show-leak-kinds=all  --error-exitcode=99
# environment
WSLENV = ELECTRON_RUN_AS_NODE/w:
# default
.SHELLFLAGS := -c
# environment
VSCODE_LOG_NATIVE = false
# automatic
?D = $(patsubst %/,%,$(dir $?))
# automatic
@D = $(patsubst %/,%,$(dir $@))
# automatic
@F = $(notdir $@)
# makefile
CURDIR := /home/haimor/BasketBall_Game
# makefile
SHELL = /bin/sh
# environment
VSCODE_NLS_CONFIG = {"locale":"en","availableLanguages":{}}
# environment
_ = /mnt/c/Users/haimo/AppData/Local/Programs/Microsoft VS Code/bin/code
# makefile (from 'makefile', line 1)
MAKEFILE_LIST :=  makefile
# 'override' directive
GNUMAKEFLAGS := 
# makefile (from 'makefile', line 13)
SOURCES = $(wildcard $(SOURCE_PATH)/*.cpp)
# makefile (from 'makefile', line 9)
CXXFLAGS = -std=$(CXXVERSION) -Werror -Wsign-conversion -I$(SOURCE_PATH)
# environment
XDG_DATA_DIRS = /usr/local/share:/usr/share:/var/lib/snapd/desktop
# environment
VSCODE_VERBOSE_LOGGING = true
# environment
VSCODE_CWD = /mnt/c/Users/haimo/AppData/Local/Programs/Microsoft VS Code
# default
MAKE_HOST := x86_64-pc-linux-gnu
# environment
PATH = /home/haimor/.vscode-server/bin/c3511e6c69bb39013c4a4b7b9566ec1ca73fc4d5/bin/remote-cli:/usr/local/sbin:/usr/local/bin:/usr/sbin:/usr/bin:/sbin:/bin:/usr/games:/usr/local/games:/usr/lib/wsl/lib:/mnt/c/Program Files/WindowsApps/CanonicalGroupLimited.UbuntuonWindows_2004.2022.1.0_x64__79rhkp1fndgsc:/mnt/c/Program Files (x86)/VMware/VMware Workstation/bin/:/mnt/c/Program Files/Common Files/Oracle/Java/javapath:/mnt/c/Program Files (x86)/Common Files/Oracle/Java/javapath:/mnt/c/WINDOWS/system32:/mnt/c/WINDOWS:/mnt/c/WINDOWS/System32/Wbem:/mnt/c/WINDOWS/System32/WindowsPowerShell/v1.0/:/mnt/c/WINDOWS/System32/OpenSSH/:/mnt/c/Program Files/Git/cmd:/mnt/c/Program Files (x86)/Microsoft SQL Server/150/DTS/Binn/:/mnt/c/Program Files/Azure Data Studio/bin:/mnt/c/Program Files/Microsoft SQL Server/Client SDK/ODBC/170/Tools/Binn/:/mnt/c/Program Files (x86)/Microsoft SQL Server/150/Tools/Binn/:/mnt/c/Program Files/Microsoft SQL Server/150/Tools/Binn/:/mnt/c/Program Files/Microsoft SQL Server/150/DTS/Binn/:/mnt/c/Users/haimo/AppData/Local/Programs/Python/Python310/Scripts/:/mnt/c/Users/haimo/AppData/Local/Programs/Python/Python310/:/mnt/c/Users/jetbrains/AppData/Roaming/Python/Python37/Scripts:/mnt/c/Users/haimo/AppData/Local/Programs/Microsoft VS Code/bin:/snap/bin
# environment
VSCODE_LOG_STACK = false
# environment
VSCODE_IPC_HOOK_CLI = /tmp/vscode-ipc-e5445e44-efab-4318-9614-026cc9e4805e.sock
# default
.FEATURES := target-specific order-only second-expansion else-if shortest-stem undefine oneshell archives jobserver output-sync check-symlink load
# automatic
%F = $(notdir $%)
# environment
VSCODE_PIPE_LOGGING = true
# makefile (from 'makefile', line 6)
CXXVERSION = c++2a
# environment
PWD = /home/haimor/BasketBall_Game
# default
.LOADED := 
# environment
WSL_INTEROP = /run/WSL/2183_interop
# environment
VSCODE_AMD_ENTRYPOINT = vs/workbench/api/node/extensionHostProcess
# environment
HOME = /home/haimor
# environment
LOGNAME = haimor
# environment
APPLICATION_INSIGHTS_NO_DIAGNOSTIC_CHANNEL = 1
# makefile (from 'makefile', line 14)
HEADERS = $(wildcard $(SOURCE_PATH)/*.hpp)
# environment
VSCODE_HANDLES_UNCAUGHT_ERRORS = true
# automatic
^D = $(patsubst %/,%,$(dir $^))
# makefile (from 'makefile', line 8)
OBJECT_PATH = objects
# environment
MAKELEVEL := 0
# default
MAKE = $(MAKE_COMMAND)
# default
MAKECMDGOALS := all
# environment
SHLVL = 1
# default
MAKE_VERSION := 4.2.1
# environment
USER = haimor
# makefile
.DEFAULT_GOAL := run
# environment
NAME = Code
# automatic
%D = $(patsubst %/,%,$(dir $%))
# environment
VSCODE_WSL_EXT_LOCATION = /mnt/c/Users/haimo/.vscode/extensions/ms-vscode-remote.remote-wsl-0.66.3
# default
MAKE_COMMAND := make
# default
.VARIABLES := 
# automatic
*F = $(notdir $*)
# makefile
MAKEFLAGS = pqrR
# environment
MFLAGS = -pqrR
# automatic
*D = $(patsubst %/,%,$(dir $*))
# automatic
+D = $(patsubst %/,%,$(dir $+))
# automatic
+F = $(notdir $+)
# environment
VSCODE_HANDLES_SIGPIPE = true
# default
MAKEFILES := 
# automatic
<F = $(notdir $<)
# makefile (from 'makefile', line 5)
CXX = clang++-9
# environment
LC_ALL = C
# makefile (from 'makefile', line 7)
SOURCE_PATH = sources
# environment
HOSTTYPE = x86_64
# automatic
^F = $(notdir $^)
# default
SUFFIXES := 
# default
.INCLUDE_DIRS = /usr/include /usr/local/include /usr/include
# default
.RECIPEPREFIX := 
# makefile (from 'makefile', line 15)
OBJECTS = $(subst sources/,objects/,$(subst .cpp,.o,$(SOURCES)))
# environment
LANG = C
# environment
TERM = xterm-256color
# environment
VSCODE_EXTHOST_WILL_SEND_SOCKET = true
# environment
WSL_DISTRO_NAME = Ubuntu
# makefile (from 'makefile', line 10)
TIDY_FLAGS = -extra-arg=-std=$(CXXVERSION) -checks=bugprone-*,clang-analyzer-*,cppcoreguidelines-*,performance-*,portability-*,readability-*,-cppcoreguidelines-pro-bounds-pointer-arithmetic,-cppcoreguidelines-owning-memory --warnings-as-errors=*
# variable set hash-table stats:
# Load=74/1024=7%, Rehash=0, Collisions=4/117=3%

# Pattern-specific Variable Values

# No pattern-specific variable values.

# Directories

# . (device 2064, inode 83375): 13 files, no impossibilities.
# sources (device 2064, inode 83869): 12 files, no impossibilities.

# 25 files, no impossibilities in 2 directories.

# Implicit Rules

%.o: %.cpp sources/Game.hpp sources/names.hpp sources/Schedule.hpp sources/Leauge.hpp sources/Team.hpp
#  recipe to execute (from 'makefile', line 32):
	$(CXX) $(CXXFLAGS) --compile $< -o $@

objects/%.o: sources/%.cpp sources/Game.hpp sources/names.hpp sources/Schedule.hpp sources/Leauge.hpp sources/Team.hpp
#  recipe to execute (from 'makefile', line 35):
	$(CXX) $(CXXFLAGS) --compile $< -o $@

# 2 implicit rules, 0 (0.0%) terminal.

# Files

# Not a target:
all:
#  Command line target.
#  Implicit rule search has been done.
#  File does not exist.
#  File has not been updated.

# Not a target:
objects/Schedule.o:
#  Implicit rule search has not been done.
#  Modification time never checked.
#  File has not been updated.

# Not a target:
Demo.o:
#  Implicit rule search has not been done.
#  Modification time never checked.
#  File has not been updated.

demo: Demo.o objects/Team.o objects/simulator.o objects/Game.o objects/Leauge.o objects/Schedule.o
#  Implicit rule search has not been done.
#  Modification time never checked.
#  File has not been updated.
#  recipe to execute (from 'makefile', line 29):
	$(CXX) $(CXXFLAGS) $^ -o demo

# Not a target:
Test.o:
#  Implicit rule search has not been done.
#  Modification time never checked.
#  File has not been updated.

test: TestCounter.o Test.o objects/Team.o objects/simulator.o objects/Game.o objects/Leauge.o objects/Schedule.o
#  Implicit rule search has not been done.
#  Modification time never checked.
#  File has not been updated.
#  recipe to execute (from 'makefile', line 20):
	$(CXX) $(CXXFLAGS) $^ -o $@

# Not a target:
makefile:
#  Implicit rule search has been done.
#  Last modified 2022-06-01 13:17:20.551885978
#  File has been updated.
#  Successfully updated.

# Not a target:
TestCounter.o:
#  Implicit rule search has not been done.
#  Modification time never checked.
#  File has not been updated.

# Not a target:
objects/Game.o:
#  Implicit rule search has not been done.
#  Modification time never checked.
#  File has not been updated.

# Not a target:
objects/simulator.o:
#  Implicit rule search has not been done.
#  Modification time never checked.
#  File has not been updated.

# Not a target:
objects/Leauge.o:
#  Implicit rule search has not been done.
#  Modification time never checked.
#  File has not been updated.

# Not a target:
.DEFAULT:
#  Implicit rule search has not been done.
#  Modification time never checked.
#  File has not been updated.

# Not a target:
objects/Team.o:
#  Implicit rule search has not been done.
#  Modification time never checked.
#  File has not been updated.

run: test
#  Implicit rule search has not been done.
#  Modification time never checked.
#  File has not been updated.

clean:
#  Implicit rule search has not been done.
#  Modification time never checked.
 
make: *** No rule to make target 'all'.  Stop.

#  File has not been updated.
#  recipe to execute (from 'makefile', line 45):
	rm -f $(OBJECTS) *.o test* 
	rm -f StudentTest*.cpp

tidy:
#  Implicit rule search has not been done.
#  Modification time never checked.
#  File has not been updated.
#  recipe to execute (from 'makefile', line 39):
	clang-tidy $(SOURCES) $(HEADERS) $(TIDY_FLAGS) --

valgrind: test
#  Implicit rule search has not been done.
#  Modification time never checked.
#  File has not been updated.
#  recipe to execute (from 'makefile', line 42):
	valgrind --tool=memcheck $(VALGRIND_FLAGS) ./test 2>&1 | { egrep "lost| at " || true; }

# files hash-table stats:
# Load=18/1024=2%, Rehash=0, Collisions=1/44=2%
# VPATH Search Paths

# No 'vpath' search paths.

# No general ('VPATH' variable) search path.

# strcache buffers: 1 (0) / strings = 49 / storage = 526 B / avg = 10 B
# current buf: size = 8162 B / used = 526 B / count = 49 / avg = 10 B

# strcache performance: lookups = 90 / hit rate = 45%
# hash-table stats:
# Load=49/8192=1%, Rehash=0, Collisions=2/90=2%
# Finished Make data base on Wed Jun  1 13:20:00 2022

 
